Determining if the pthread_create exist failed with the following output:
Change Dir: /home/david/SIMTech_ws/src/RT_monitoring_application/Point_cloud_visualziation/PCLFIltering_Tool/build/CMakeFiles/CMakeTmp

Run Build Command:"/usr/bin/make" "cmTC_41174/fast"
/usr/bin/make -f CMakeFiles/cmTC_41174.dir/build.make CMakeFiles/cmTC_41174.dir/build
make[1]: Entering directory '/home/david/SIMTech_ws/src/RT_monitoring_application/Point_cloud_visualziation/PCLFIltering_Tool/build/CMakeFiles/CMakeTmp'
Building C object CMakeFiles/cmTC_41174.dir/CheckSymbolExists.c.o
/usr/bin/cc     -o CMakeFiles/cmTC_41174.dir/CheckSymbolExists.c.o   -c /home/david/SIMTech_ws/src/RT_monitoring_application/Point_cloud_visualziation/PCLFIltering_Tool/build/CMakeFiles/CMakeTmp/CheckSymbolExists.c
Linking C executable cmTC_41174
/usr/bin/cmake -E cmake_link_script CMakeFiles/cmTC_41174.dir/link.txt --verbose=1
/usr/bin/cc       CMakeFiles/cmTC_41174.dir/CheckSymbolExists.c.o  -o cmTC_41174 -rdynamic 
CMakeFiles/cmTC_41174.dir/CheckSymbolExists.c.o: In function `main':
CheckSymbolExists.c:(.text+0x16): undefined reference to `pthread_create'
collect2: error: ld returned 1 exit status
CMakeFiles/cmTC_41174.dir/build.make:97: recipe for target 'cmTC_41174' failed
make[1]: *** [cmTC_41174] Error 1
make[1]: Leaving directory '/home/david/SIMTech_ws/src/RT_monitoring_application/Point_cloud_visualziation/PCLFIltering_Tool/build/CMakeFiles/CMakeTmp'
Makefile:126: recipe for target 'cmTC_41174/fast' failed
make: *** [cmTC_41174/fast] Error 2

File /home/david/SIMTech_ws/src/RT_monitoring_application/Point_cloud_visualziation/PCLFIltering_Tool/build/CMakeFiles/CMakeTmp/CheckSymbolExists.c:
/* */
#include <pthread.h>

int main(int argc, char** argv)
{
  (void)argv;
#ifndef pthread_create
  return ((int*)(&pthread_create))[argc];
#else
  (void)argc;
  return 0;
#endif
}

Determining if the function pthread_create exists in the pthreads failed with the following output:
Change Dir: /home/david/SIMTech_ws/src/RT_monitoring_application/Point_cloud_visualziation/PCLFIltering_Tool/build/CMakeFiles/CMakeTmp

Run Build Command:"/usr/bin/make" "cmTC_ea115/fast"
/usr/bin/make -f CMakeFiles/cmTC_ea115.dir/build.make CMakeFiles/cmTC_ea115.dir/build
make[1]: Entering directory '/home/david/SIMTech_ws/src/RT_monitoring_application/Point_cloud_visualziation/PCLFIltering_Tool/build/CMakeFiles/CMakeTmp'
Building C object CMakeFiles/cmTC_ea115.dir/CheckFunctionExists.c.o
/usr/bin/cc    -DCHECK_FUNCTION_EXISTS=pthread_create   -o CMakeFiles/cmTC_ea115.dir/CheckFunctionExists.c.o   -c /usr/share/cmake-3.5/Modules/CheckFunctionExists.c
Linking C executable cmTC_ea115
/usr/bin/cmake -E cmake_link_script CMakeFiles/cmTC_ea115.dir/link.txt --verbose=1
/usr/bin/cc   -DCHECK_FUNCTION_EXISTS=pthread_create    CMakeFiles/cmTC_ea115.dir/CheckFunctionExists.c.o  -o cmTC_ea115 -rdynamic -lpthreads 
/usr/bin/ld: cannot find -lpthreads
collect2: error: ld returned 1 exit status
CMakeFiles/cmTC_ea115.dir/build.make:97: recipe for target 'cmTC_ea115' failed
make[1]: *** [cmTC_ea115] Error 1
make[1]: Leaving directory '/home/david/SIMTech_ws/src/RT_monitoring_application/Point_cloud_visualziation/PCLFIltering_Tool/build/CMakeFiles/CMakeTmp'
Makefile:126: recipe for target 'cmTC_ea115/fast' failed
make: *** [cmTC_ea115/fast] Error 2


