Determining if the pthread_create exist failed with the following output:
Change Dir: /home/david/SIMTech_ws/src/RT_monitoring_application/Point_cloud_visualziation/PCL_visualization/build/CMakeFiles/CMakeTmp

Run Build Command:"/usr/bin/make" "cmTC_7b08c/fast"
/usr/bin/make -f CMakeFiles/cmTC_7b08c.dir/build.make CMakeFiles/cmTC_7b08c.dir/build
make[1]: Entering directory '/home/david/SIMTech_ws/src/RT_monitoring_application/Point_cloud_visualziation/PCL_visualization/build/CMakeFiles/CMakeTmp'
Building C object CMakeFiles/cmTC_7b08c.dir/CheckSymbolExists.c.o
/usr/bin/cc     -o CMakeFiles/cmTC_7b08c.dir/CheckSymbolExists.c.o   -c /home/david/SIMTech_ws/src/RT_monitoring_application/Point_cloud_visualziation/PCL_visualization/build/CMakeFiles/CMakeTmp/CheckSymbolExists.c
Linking C executable cmTC_7b08c
/usr/bin/cmake -E cmake_link_script CMakeFiles/cmTC_7b08c.dir/link.txt --verbose=1
/usr/bin/cc       CMakeFiles/cmTC_7b08c.dir/CheckSymbolExists.c.o  -o cmTC_7b08c -rdynamic 
CMakeFiles/cmTC_7b08c.dir/CheckSymbolExists.c.o: In function `main':
CheckSymbolExists.c:(.text+0x16): undefined reference to `pthread_create'
collect2: error: ld returned 1 exit status
CMakeFiles/cmTC_7b08c.dir/build.make:97: recipe for target 'cmTC_7b08c' failed
make[1]: *** [cmTC_7b08c] Error 1
make[1]: Leaving directory '/home/david/SIMTech_ws/src/RT_monitoring_application/Point_cloud_visualziation/PCL_visualization/build/CMakeFiles/CMakeTmp'
Makefile:126: recipe for target 'cmTC_7b08c/fast' failed
make: *** [cmTC_7b08c/fast] Error 2

File /home/david/SIMTech_ws/src/RT_monitoring_application/Point_cloud_visualziation/PCL_visualization/build/CMakeFiles/CMakeTmp/CheckSymbolExists.c:
/* */
#include <pthread.h>

int main(int argc, char** argv)
{
  (void)argv;
#ifndef pthread_create
  return ((int*)(&pthread_create))[argc];
#else
  (void)argc;
  return 0;
#endif
}

Determining if the function pthread_create exists in the pthreads failed with the following output:
Change Dir: /home/david/SIMTech_ws/src/RT_monitoring_application/Point_cloud_visualziation/PCL_visualization/build/CMakeFiles/CMakeTmp

Run Build Command:"/usr/bin/make" "cmTC_c08ad/fast"
/usr/bin/make -f CMakeFiles/cmTC_c08ad.dir/build.make CMakeFiles/cmTC_c08ad.dir/build
make[1]: Entering directory '/home/david/SIMTech_ws/src/RT_monitoring_application/Point_cloud_visualziation/PCL_visualization/build/CMakeFiles/CMakeTmp'
Building C object CMakeFiles/cmTC_c08ad.dir/CheckFunctionExists.c.o
/usr/bin/cc    -DCHECK_FUNCTION_EXISTS=pthread_create   -o CMakeFiles/cmTC_c08ad.dir/CheckFunctionExists.c.o   -c /usr/share/cmake-3.5/Modules/CheckFunctionExists.c
Linking C executable cmTC_c08ad
/usr/bin/cmake -E cmake_link_script CMakeFiles/cmTC_c08ad.dir/link.txt --verbose=1
/usr/bin/cc   -DCHECK_FUNCTION_EXISTS=pthread_create    CMakeFiles/cmTC_c08ad.dir/CheckFunctionExists.c.o  -o cmTC_c08ad -rdynamic -lpthreads 
/usr/bin/ld: cannot find -lpthreads
collect2: error: ld returned 1 exit status
CMakeFiles/cmTC_c08ad.dir/build.make:97: recipe for target 'cmTC_c08ad' failed
make[1]: *** [cmTC_c08ad] Error 1
make[1]: Leaving directory '/home/david/SIMTech_ws/src/RT_monitoring_application/Point_cloud_visualziation/PCL_visualization/build/CMakeFiles/CMakeTmp'
Makefile:126: recipe for target 'cmTC_c08ad/fast' failed
make: *** [cmTC_c08ad/fast] Error 2


